  Utility.cpp
c:\users\atwindows7\documents\repositories\2017_03_27_sebstaticmathlib\mymathlib\build\include\DLL.h(9): error C2059: syntax error: 'class'
  c:\users\atwindows7\documents\repositories\2017_03_27_sebstaticmathlib\mymathlib\build\include\DLL.h(13): note: see reference to class template instantiation 'Vector2<T>' being compiled
c:\users\atwindows7\documents\repositories\2017_03_27_sebstaticmathlib\mymathlib\build\include\DLL.h(9): error C2238: unexpected token(s) preceding ';'
c:\users\atwindows7\documents\repositories\2017_03_27_sebstaticmathlib\mymathlib\build\include\DLL.h(10): error C2059: syntax error: 'class'
c:\users\atwindows7\documents\repositories\2017_03_27_sebstaticmathlib\mymathlib\build\include\DLL.h(10): error C2238: unexpected token(s) preceding ';'
c:\users\atwindows7\documents\repositories\2017_03_27_sebstaticmathlib\mymathlib\build\include\DLL.h(11): error C2059: syntax error: 'class'
c:\users\atwindows7\documents\repositories\2017_03_27_sebstaticmathlib\mymathlib\build\include\DLL.h(11): error C2238: unexpected token(s) preceding ';'
c:\users\atwindows7\documents\repositories\2017_03_27_sebstaticmathlib\mymathlib\build\include\DLL.h(12): error C2059: syntax error: 'class'
c:\users\atwindows7\documents\repositories\2017_03_27_sebstaticmathlib\mymathlib\build\include\DLL.h(12): error C2238: unexpected token(s) preceding ';'
c:\users\atwindows7\documents\repositories\2017_03_27_sebstaticmathlib\mymathlib\build\include\DLL.h(17): error C2059: syntax error: 'class'
  c:\users\atwindows7\documents\repositories\2017_03_27_sebstaticmathlib\mymathlib\build\include\DLL.h(21): note: see reference to class template instantiation 'Vector3<T>' being compiled
c:\users\atwindows7\documents\repositories\2017_03_27_sebstaticmathlib\mymathlib\build\include\DLL.h(17): error C2238: unexpected token(s) preceding ';'
c:\users\atwindows7\documents\repositories\2017_03_27_sebstaticmathlib\mymathlib\build\include\DLL.h(18): error C2059: syntax error: 'class'
c:\users\atwindows7\documents\repositories\2017_03_27_sebstaticmathlib\mymathlib\build\include\DLL.h(18): error C2238: unexpected token(s) preceding ';'
c:\users\atwindows7\documents\repositories\2017_03_27_sebstaticmathlib\mymathlib\build\include\DLL.h(19): error C2059: syntax error: 'class'
c:\users\atwindows7\documents\repositories\2017_03_27_sebstaticmathlib\mymathlib\build\include\DLL.h(19): error C2238: unexpected token(s) preceding ';'
c:\users\atwindows7\documents\repositories\2017_03_27_sebstaticmathlib\mymathlib\build\include\DLL.h(20): error C2059: syntax error: 'class'
c:\users\atwindows7\documents\repositories\2017_03_27_sebstaticmathlib\mymathlib\build\include\DLL.h(20): error C2238: unexpected token(s) preceding ';'
c:\users\atwindows7\documents\repositories\2017_03_27_sebstaticmathlib\mymathlib\build\include\DLL.h(25): error C2059: syntax error: 'class'
  c:\users\atwindows7\documents\repositories\2017_03_27_sebstaticmathlib\mymathlib\build\include\DLL.h(29): note: see reference to class template instantiation 'Vector4<T>' being compiled
c:\users\atwindows7\documents\repositories\2017_03_27_sebstaticmathlib\mymathlib\build\include\DLL.h(25): error C2238: unexpected token(s) preceding ';'
c:\users\atwindows7\documents\repositories\2017_03_27_sebstaticmathlib\mymathlib\build\include\DLL.h(26): error C2059: syntax error: 'class'
c:\users\atwindows7\documents\repositories\2017_03_27_sebstaticmathlib\mymathlib\build\include\DLL.h(26): error C2238: unexpected token(s) preceding ';'
c:\users\atwindows7\documents\repositories\2017_03_27_sebstaticmathlib\mymathlib\build\include\DLL.h(27): error C2059: syntax error: 'class'
c:\users\atwindows7\documents\repositories\2017_03_27_sebstaticmathlib\mymathlib\build\include\DLL.h(27): error C2238: unexpected token(s) preceding ';'
c:\users\atwindows7\documents\repositories\2017_03_27_sebstaticmathlib\mymathlib\build\include\DLL.h(28): error C2059: syntax error: 'class'
c:\users\atwindows7\documents\repositories\2017_03_27_sebstaticmathlib\mymathlib\build\include\DLL.h(28): error C2238: unexpected token(s) preceding ';'
c:\users\atwindows7\documents\repositories\2017_03_27_sebstaticmathlib\mymathlib\build\include\DLL.h(33): error C2059: syntax error: 'class'
  c:\users\atwindows7\documents\repositories\2017_03_27_sebstaticmathlib\mymathlib\build\include\DLL.h(37): note: see reference to class template instantiation 'Matrix2<T>' being compiled
c:\users\atwindows7\documents\repositories\2017_03_27_sebstaticmathlib\mymathlib\build\include\DLL.h(33): error C2238: unexpected token(s) preceding ';'
c:\users\atwindows7\documents\repositories\2017_03_27_sebstaticmathlib\mymathlib\build\include\DLL.h(34): error C2059: syntax error: 'class'
c:\users\atwindows7\documents\repositories\2017_03_27_sebstaticmathlib\mymathlib\build\include\DLL.h(34): error C2238: unexpected token(s) preceding ';'
c:\users\atwindows7\documents\repositories\2017_03_27_sebstaticmathlib\mymathlib\build\include\DLL.h(35): error C2059: syntax error: 'class'
c:\users\atwindows7\documents\repositories\2017_03_27_sebstaticmathlib\mymathlib\build\include\DLL.h(35): error C2238: unexpected token(s) preceding ';'
c:\users\atwindows7\documents\repositories\2017_03_27_sebstaticmathlib\mymathlib\build\include\DLL.h(36): error C2059: syntax error: 'class'
c:\users\atwindows7\documents\repositories\2017_03_27_sebstaticmathlib\mymathlib\build\include\DLL.h(36): error C2238: unexpected token(s) preceding ';'
c:\users\atwindows7\documents\repositories\2017_03_27_sebstaticmathlib\mymathlib\build\include\DLL.h(41): error C2059: syntax error: 'class'
  c:\users\atwindows7\documents\repositories\2017_03_27_sebstaticmathlib\mymathlib\build\include\DLL.h(45): note: see reference to class template instantiation 'Matrix3<T>' being compiled
c:\users\atwindows7\documents\repositories\2017_03_27_sebstaticmathlib\mymathlib\build\include\DLL.h(41): error C2238: unexpected token(s) preceding ';'
c:\users\atwindows7\documents\repositories\2017_03_27_sebstaticmathlib\mymathlib\build\include\DLL.h(42): error C2059: syntax error: 'class'
c:\users\atwindows7\documents\repositories\2017_03_27_sebstaticmathlib\mymathlib\build\include\DLL.h(42): error C2238: unexpected token(s) preceding ';'
c:\users\atwindows7\documents\repositories\2017_03_27_sebstaticmathlib\mymathlib\build\include\DLL.h(43): error C2059: syntax error: 'class'
c:\users\atwindows7\documents\repositories\2017_03_27_sebstaticmathlib\mymathlib\build\include\DLL.h(43): error C2238: unexpected token(s) preceding ';'
c:\users\atwindows7\documents\repositories\2017_03_27_sebstaticmathlib\mymathlib\build\include\DLL.h(44): error C2059: syntax error: 'class'
c:\users\atwindows7\documents\repositories\2017_03_27_sebstaticmathlib\mymathlib\build\include\DLL.h(44): error C2238: unexpected token(s) preceding ';'
c:\users\atwindows7\documents\repositories\2017_03_27_sebstaticmathlib\mymathlib\build\include\DLL.h(49): error C2059: syntax error: 'class'
  c:\users\atwindows7\documents\repositories\2017_03_27_sebstaticmathlib\mymathlib\build\include\DLL.h(53): note: see reference to class template instantiation 'Matrix4<T>' being compiled
c:\users\atwindows7\documents\repositories\2017_03_27_sebstaticmathlib\mymathlib\build\include\DLL.h(49): error C2238: unexpected token(s) preceding ';'
c:\users\atwindows7\documents\repositories\2017_03_27_sebstaticmathlib\mymathlib\build\include\DLL.h(50): error C2059: syntax error: 'class'
c:\users\atwindows7\documents\repositories\2017_03_27_sebstaticmathlib\mymathlib\build\include\DLL.h(50): error C2238: unexpected token(s) preceding ';'
c:\users\atwindows7\documents\repositories\2017_03_27_sebstaticmathlib\mymathlib\build\include\DLL.h(51): error C2059: syntax error: 'class'
c:\users\atwindows7\documents\repositories\2017_03_27_sebstaticmathlib\mymathlib\build\include\DLL.h(51): error C2238: unexpected token(s) preceding ';'
c:\users\atwindows7\documents\repositories\2017_03_27_sebstaticmathlib\mymathlib\build\include\DLL.h(52): error C2059: syntax error: 'class'
c:\users\atwindows7\documents\repositories\2017_03_27_sebstaticmathlib\mymathlib\build\include\DLL.h(52): error C2238: unexpected token(s) preceding ';'
